{"/workspace/Milestone-2/static/js/game.js": {"path":"/workspace/Milestone-2/static/js/game.js","statementMap":{"0":{"start":{"line":1,"column":8},"end":{"line":1,"column":9}},"1":{"start":{"line":2,"column":17},"end":{"line":2,"column":18}},"2":{"start":{"line":4,"column":18},"end":{"line":74,"column":1}},"3":{"start":{"line":82,"column":16},"end":{"line":82,"column":50}},"4":{"start":{"line":83,"column":25},"end":{"line":83,"column":63}},"5":{"start":{"line":84,"column":20},"end":{"line":84,"column":52}},"6":{"start":{"line":85,"column":21},"end":{"line":85,"column":54}},"7":{"start":{"line":86,"column":26},"end":{"line":86,"column":61}},"8":{"start":{"line":87,"column":19},"end":{"line":87,"column":50}},"9":{"start":{"line":89,"column":2},"end":{"line":89,"column":33}},"10":{"start":{"line":90,"column":2},"end":{"line":90,"column":47}},"11":{"start":{"line":91,"column":2},"end":{"line":91,"column":46}},"12":{"start":{"line":92,"column":2},"end":{"line":92,"column":37}},"13":{"start":{"line":93,"column":2},"end":{"line":93,"column":38}},"14":{"start":{"line":94,"column":2},"end":{"line":94,"column":37}},"15":{"start":{"line":96,"column":2},"end":{"line":96,"column":16}},"16":{"start":{"line":109,"column":16},"end":{"line":109,"column":50}},"17":{"start":{"line":110,"column":20},"end":{"line":110,"column":52}},"18":{"start":{"line":111,"column":16},"end":{"line":111,"column":74}},"19":{"start":{"line":113,"column":2},"end":{"line":115,"column":5}},"20":{"start":{"line":114,"column":4},"end":{"line":114,"column":40}},"21":{"start":{"line":117,"column":2},"end":{"line":117,"column":34}},"22":{"start":{"line":118,"column":2},"end":{"line":118,"column":46}},"23":{"start":{"line":119,"column":2},"end":{"line":119,"column":45}},"24":{"start":{"line":120,"column":2},"end":{"line":120,"column":41}},"25":{"start":{"line":122,"column":2},"end":{"line":128,"column":3}},"26":{"start":{"line":123,"column":4},"end":{"line":123,"column":67}},"27":{"start":{"line":124,"column":9},"end":{"line":128,"column":3}},"28":{"start":{"line":125,"column":4},"end":{"line":125,"column":71}},"29":{"start":{"line":126,"column":9},"end":{"line":128,"column":3}},"30":{"start":{"line":127,"column":4},"end":{"line":127,"column":69}},"31":{"start":{"line":130,"column":2},"end":{"line":130,"column":16}},"32":{"start":{"line":142,"column":14},"end":{"line":142,"column":56}},"33":{"start":{"line":143,"column":17},"end":{"line":143,"column":52}},"34":{"start":{"line":144,"column":16},"end":{"line":144,"column":74}},"35":{"start":{"line":145,"column":24},"end":{"line":145,"column":67}},"36":{"start":{"line":146,"column":19},"end":{"line":146,"column":50}},"37":{"start":{"line":148,"column":2},"end":{"line":148,"column":45}},"38":{"start":{"line":149,"column":2},"end":{"line":149,"column":37}},"39":{"start":{"line":151,"column":2},"end":{"line":151,"column":39}},"40":{"start":{"line":153,"column":2},"end":{"line":153,"column":45}},"41":{"start":{"line":155,"column":2},"end":{"line":157,"column":3}},"42":{"start":{"line":155,"column":15},"end":{"line":155,"column":16}},"43":{"start":{"line":156,"column":4},"end":{"line":156,"column":51}},"44":{"start":{"line":159,"column":2},"end":{"line":159,"column":17}},"45":{"start":{"line":160,"column":2},"end":{"line":160,"column":6}},"46":{"start":{"line":168,"column":16},"end":{"line":168,"column":74}},"47":{"start":{"line":170,"column":2},"end":{"line":180,"column":5}},"48":{"start":{"line":171,"column":4},"end":{"line":179,"column":7}},"49":{"start":{"line":172,"column":6},"end":{"line":172,"column":39}},"50":{"start":{"line":173,"column":6},"end":{"line":173,"column":20}},"51":{"start":{"line":174,"column":6},"end":{"line":178,"column":9}},"52":{"start":{"line":175,"column":8},"end":{"line":177,"column":9}},"53":{"start":{"line":176,"column":10},"end":{"line":176,"column":43}},"54":{"start":{"line":187,"column":20},"end":{"line":187,"column":52}},"55":{"start":{"line":189,"column":2},"end":{"line":189,"column":42}},"56":{"start":{"line":190,"column":2},"end":{"line":190,"column":48}},"57":{"start":{"line":191,"column":2},"end":{"line":191,"column":43}},"58":{"start":{"line":204,"column":10},"end":{"line":204,"column":15}},"59":{"start":{"line":205,"column":18},"end":{"line":205,"column":53}},"60":{"start":{"line":206,"column":23},"end":{"line":206,"column":68}},"61":{"start":{"line":207,"column":15},"end":{"line":207,"column":34}},"62":{"start":{"line":208,"column":14},"end":{"line":208,"column":46}},"63":{"start":{"line":209,"column":16},"end":{"line":209,"column":50}},"64":{"start":{"line":210,"column":19},"end":{"line":210,"column":50}},"65":{"start":{"line":211,"column":20},"end":{"line":211,"column":52}},"66":{"start":{"line":212,"column":21},"end":{"line":212,"column":54}},"67":{"start":{"line":214,"column":2},"end":{"line":214,"column":37}},"68":{"start":{"line":216,"column":2},"end":{"line":223,"column":3}},"69":{"start":{"line":217,"column":4},"end":{"line":217,"column":17}},"70":{"start":{"line":218,"column":4},"end":{"line":218,"column":39}},"71":{"start":{"line":219,"column":4},"end":{"line":219,"column":59}},"72":{"start":{"line":221,"column":4},"end":{"line":221,"column":41}},"73":{"start":{"line":222,"column":4},"end":{"line":222,"column":65}},"74":{"start":{"line":225,"column":2},"end":{"line":232,"column":3}},"75":{"start":{"line":226,"column":4},"end":{"line":226,"column":48}},"76":{"start":{"line":227,"column":4},"end":{"line":227,"column":39}},"77":{"start":{"line":229,"column":4},"end":{"line":229,"column":40}},"78":{"start":{"line":230,"column":4},"end":{"line":230,"column":43}},"79":{"start":{"line":231,"column":4},"end":{"line":231,"column":42}},"80":{"start":{"line":234,"column":2},"end":{"line":234,"column":80}},"81":{"start":{"line":236,"column":2},"end":{"line":236,"column":54}},"82":{"start":{"line":244,"column":20},"end":{"line":244,"column":59}},"83":{"start":{"line":245,"column":22},"end":{"line":245,"column":63}},"84":{"start":{"line":246,"column":16},"end":{"line":246,"column":50}},"85":{"start":{"line":247,"column":25},"end":{"line":247,"column":63}},"86":{"start":{"line":248,"column":21},"end":{"line":248,"column":61}},"87":{"start":{"line":250,"column":2},"end":{"line":250,"column":34}},"88":{"start":{"line":251,"column":2},"end":{"line":251,"column":43}},"89":{"start":{"line":252,"column":2},"end":{"line":252,"column":40}},"90":{"start":{"line":254,"column":2},"end":{"line":261,"column":3}},"91":{"start":{"line":255,"column":4},"end":{"line":255,"column":161}},"92":{"start":{"line":256,"column":4},"end":{"line":256,"column":43}},"93":{"start":{"line":257,"column":4},"end":{"line":257,"column":41}},"94":{"start":{"line":259,"column":4},"end":{"line":259,"column":205}},"95":{"start":{"line":260,"column":4},"end":{"line":260,"column":43}},"96":{"start":{"line":264,"column":0},"end":{"line":271,"column":3}},"97":{"start":{"line":265,"column":20},"end":{"line":265,"column":52}},"98":{"start":{"line":266,"column":21},"end":{"line":266,"column":54}},"99":{"start":{"line":267,"column":20},"end":{"line":267,"column":52}},"100":{"start":{"line":268,"column":2},"end":{"line":268,"column":51}},"101":{"start":{"line":269,"column":2},"end":{"line":269,"column":53}},"102":{"start":{"line":270,"column":2},"end":{"line":270,"column":49}},"103":{"start":{"line":273,"column":0},"end":{"line":279,"column":2}}},"fnMap":{"0":{"name":"startGame","decl":{"start":{"line":81,"column":9},"end":{"line":81,"column":18}},"loc":{"start":{"line":81,"column":21},"end":{"line":97,"column":1}},"line":81},"1":{"name":"readyQuestion","decl":{"start":{"line":107,"column":9},"end":{"line":107,"column":22}},"loc":{"start":{"line":107,"column":25},"end":{"line":131,"column":1}},"line":107},"2":{"name":"(anonymous_2)","decl":{"start":{"line":113,"column":18},"end":{"line":113,"column":19}},"loc":{"start":{"line":113,"column":28},"end":{"line":115,"column":3}},"line":113},"3":{"name":"newQuestion","decl":{"start":{"line":141,"column":9},"end":{"line":141,"column":20}},"loc":{"start":{"line":141,"column":23},"end":{"line":161,"column":1}},"line":141},"4":{"name":"selectAnswer","decl":{"start":{"line":167,"column":9},"end":{"line":167,"column":21}},"loc":{"start":{"line":167,"column":24},"end":{"line":181,"column":1}},"line":167},"5":{"name":"(anonymous_5)","decl":{"start":{"line":170,"column":18},"end":{"line":170,"column":19}},"loc":{"start":{"line":170,"column":28},"end":{"line":180,"column":3}},"line":170},"6":{"name":"(anonymous_6)","decl":{"start":{"line":171,"column":37},"end":{"line":171,"column":38}},"loc":{"start":{"line":171,"column":43},"end":{"line":179,"column":5}},"line":171},"7":{"name":"(anonymous_7)","decl":{"start":{"line":174,"column":22},"end":{"line":174,"column":23}},"loc":{"start":{"line":174,"column":32},"end":{"line":178,"column":7}},"line":174},"8":{"name":"exposeCheck","decl":{"start":{"line":186,"column":9},"end":{"line":186,"column":20}},"loc":{"start":{"line":186,"column":23},"end":{"line":192,"column":1}},"line":186},"9":{"name":"checkAnswer","decl":{"start":{"line":202,"column":9},"end":{"line":202,"column":20}},"loc":{"start":{"line":202,"column":23},"end":{"line":237,"column":1}},"line":202},"10":{"name":"submit","decl":{"start":{"line":243,"column":9},"end":{"line":243,"column":15}},"loc":{"start":{"line":243,"column":18},"end":{"line":262,"column":1}},"line":243},"11":{"name":"(anonymous_11)","decl":{"start":{"line":264,"column":44},"end":{"line":264,"column":45}},"loc":{"start":{"line":264,"column":50},"end":{"line":271,"column":1}},"line":264}},"branchMap":{"0":{"loc":{"start":{"line":122,"column":2},"end":{"line":128,"column":3}},"type":"if","locations":[{"start":{"line":122,"column":2},"end":{"line":128,"column":3}},{"start":{"line":124,"column":9},"end":{"line":128,"column":3}}],"line":122},"1":{"loc":{"start":{"line":124,"column":9},"end":{"line":128,"column":3}},"type":"if","locations":[{"start":{"line":124,"column":9},"end":{"line":128,"column":3}},{"start":{"line":126,"column":9},"end":{"line":128,"column":3}}],"line":124},"2":{"loc":{"start":{"line":126,"column":9},"end":{"line":128,"column":3}},"type":"if","locations":[{"start":{"line":126,"column":9},"end":{"line":128,"column":3}},{"start":{},"end":{}}],"line":126},"3":{"loc":{"start":{"line":175,"column":8},"end":{"line":177,"column":9}},"type":"if","locations":[{"start":{"line":175,"column":8},"end":{"line":177,"column":9}},{"start":{},"end":{}}],"line":175},"4":{"loc":{"start":{"line":216,"column":2},"end":{"line":223,"column":3}},"type":"if","locations":[{"start":{"line":216,"column":2},"end":{"line":223,"column":3}},{"start":{"line":220,"column":9},"end":{"line":223,"column":3}}],"line":216},"5":{"loc":{"start":{"line":225,"column":2},"end":{"line":232,"column":3}},"type":"if","locations":[{"start":{"line":225,"column":2},"end":{"line":232,"column":3}},{"start":{"line":228,"column":9},"end":{"line":232,"column":3}}],"line":225},"6":{"loc":{"start":{"line":254,"column":2},"end":{"line":261,"column":3}},"type":"if","locations":[{"start":{"line":254,"column":2},"end":{"line":261,"column":3}},{"start":{"line":258,"column":9},"end":{"line":261,"column":3}}],"line":254}},"s":{"0":1,"1":1,"2":1,"3":2,"4":2,"5":2,"6":2,"7":2,"8":2,"9":2,"10":2,"11":2,"12":2,"13":2,"14":2,"15":2,"16":2,"17":2,"18":2,"19":2,"20":8,"21":2,"22":2,"23":2,"24":2,"25":2,"26":0,"27":2,"28":0,"29":2,"30":0,"31":2,"32":8,"33":8,"34":8,"35":8,"36":8,"37":8,"38":8,"39":8,"40":8,"41":8,"42":8,"43":32,"44":8,"45":8,"46":8,"47":8,"48":32,"49":0,"50":0,"51":0,"52":0,"53":0,"54":0,"55":0,"56":0,"57":0,"58":0,"59":0,"60":0,"61":0,"62":0,"63":0,"64":0,"65":0,"66":0,"67":0,"68":0,"69":0,"70":0,"71":0,"72":0,"73":0,"74":0,"75":0,"76":0,"77":0,"78":0,"79":0,"80":0,"81":0,"82":0,"83":0,"84":0,"85":0,"86":0,"87":0,"88":0,"89":0,"90":0,"91":0,"92":0,"93":0,"94":0,"95":0,"96":1,"97":1,"98":1,"99":1,"100":1,"101":1,"102":1,"103":1},"f":{"0":2,"1":2,"2":8,"3":8,"4":8,"5":32,"6":0,"7":0,"8":0,"9":0,"10":0,"11":1},"b":{"0":[0,2],"1":[0,2],"2":[0,2],"3":[0,0],"4":[0,0],"5":[0,0],"6":[0,0]},"_coverageSchema":"1a1c01bbd47fc00a2c39e90264f33305004495a9","hash":"36097c90009b344eb5f0500fc88d00f204f3cf90"}
}
