TN:
SF:static/js/game.js
FN:81,startGame
FN:107,readyQuestion
FN:113,(anonymous_2)
FN:141,newQuestion
FN:167,selectAnswer
FN:170,(anonymous_5)
FN:171,(anonymous_6)
FN:174,(anonymous_7)
FN:186,exposeCheck
FN:202,checkAnswer
FN:243,submit
FN:264,(anonymous_11)
FNF:12
FNH:7
FNDA:2,startGame
FNDA:2,readyQuestion
FNDA:8,(anonymous_2)
FNDA:8,newQuestion
FNDA:8,selectAnswer
FNDA:32,(anonymous_5)
FNDA:0,(anonymous_6)
FNDA:0,(anonymous_7)
FNDA:0,exposeCheck
FNDA:0,checkAnswer
FNDA:0,submit
FNDA:1,(anonymous_11)
DA:1,1
DA:2,1
DA:4,1
DA:82,2
DA:83,2
DA:84,2
DA:85,2
DA:86,2
DA:87,2
DA:89,2
DA:90,2
DA:91,2
DA:92,2
DA:93,2
DA:94,2
DA:96,2
DA:109,2
DA:110,2
DA:111,2
DA:113,2
DA:114,8
DA:117,2
DA:118,2
DA:119,2
DA:120,2
DA:122,2
DA:123,0
DA:124,2
DA:125,0
DA:126,2
DA:127,0
DA:130,2
DA:142,8
DA:143,8
DA:144,8
DA:145,8
DA:146,8
DA:148,8
DA:149,8
DA:151,8
DA:153,8
DA:155,8
DA:156,32
DA:159,8
DA:160,8
DA:168,8
DA:170,8
DA:171,32
DA:172,0
DA:173,0
DA:174,0
DA:175,0
DA:176,0
DA:187,0
DA:189,0
DA:190,0
DA:191,0
DA:204,0
DA:205,0
DA:206,0
DA:207,0
DA:208,0
DA:209,0
DA:210,0
DA:211,0
DA:212,0
DA:214,0
DA:216,0
DA:217,0
DA:218,0
DA:219,0
DA:221,0
DA:222,0
DA:225,0
DA:226,0
DA:227,0
DA:229,0
DA:230,0
DA:231,0
DA:234,0
DA:236,0
DA:244,0
DA:245,0
DA:246,0
DA:247,0
DA:248,0
DA:250,0
DA:251,0
DA:252,0
DA:254,0
DA:255,0
DA:256,0
DA:257,0
DA:259,0
DA:260,0
DA:264,1
DA:265,1
DA:266,1
DA:267,1
DA:268,1
DA:269,1
DA:270,1
DA:273,1
LF:103
LH:53
BRDA:122,0,0,0
BRDA:122,0,1,2
BRDA:124,1,0,0
BRDA:124,1,1,2
BRDA:126,2,0,0
BRDA:126,2,1,2
BRDA:175,3,0,0
BRDA:175,3,1,0
BRDA:216,4,0,0
BRDA:216,4,1,0
BRDA:225,5,0,0
BRDA:225,5,1,0
BRDA:254,6,0,0
BRDA:254,6,1,0
BRF:14
BRH:3
end_of_record
